Using pre-set license
Built from '2020.3/staging' branch; Version is '2020.3.17f1 (a4537701e4ab) revision 10769271'; Using compiler version '192528614'; Build Type 'Release'
OS: 'Windows Server 2019 Standard; OS build 17763.2366; Version 1809; 64bit' Language: 'en' Physical Memory: 32441 MB
BatchMode: 1, IsHumanControllingUs: 0, StartBugReporterOnCrash: 0, Is64bit: 1, IsPro: 0

COMMAND LINE ARGUMENTS:
C:\Program Files\Unity\Hub\Editor\2020.3.17f1\Editor\Unity.exe
-adb2
-batchMode
-noUpm
-name
AssetImportWorker0
-projectPath
E:/GitHub/LostInOrbit/LostInOrbit/LostInOrbit
-logFile
Logs/AssetImportWorker0.log
-srvPort
58984
Successfully changed project path to: E:/GitHub/LostInOrbit/LostInOrbit/LostInOrbit
E:/GitHub/LostInOrbit/LostInOrbit/LostInOrbit
Using Asset Import Pipeline V2.
Refreshing native plugins compatible for Editor in 33.82 ms, found 2 plugins.
Preloading 0 native plugins for Editor in 0.00 ms.
Initialize engine version: 2020.3.17f1 (a4537701e4ab)
[Subsystems] Discovering subsystems at path C:/Program Files/Unity/Hub/Editor/2020.3.17f1/Editor/Data/Resources/UnitySubsystems
[Subsystems] Discovering subsystems at path E:/GitHub/LostInOrbit/LostInOrbit/LostInOrbit/Assets
GfxDevice: creating device client; threaded=0
Direct3D:
    Version:  Direct3D 11.0 [level 11.1]
    Renderer: NVIDIA GeForce GTX 1080 (ID=0x1b80)
    Vendor:   
    VRAM:     8079 MB
    Driver:   27.21.14.5167
Initialize mono
Mono path[0] = 'C:/Program Files/Unity/Hub/Editor/2020.3.17f1/Editor/Data/Managed'
Mono path[1] = 'C:/Program Files/Unity/Hub/Editor/2020.3.17f1/Editor/Data/MonoBleedingEdge/lib/mono/unityjit'
Mono config path = 'C:/Program Files/Unity/Hub/Editor/2020.3.17f1/Editor/Data/MonoBleedingEdge/etc'
Using monoOptions --debugger-agent=transport=dt_socket,embedding=1,server=y,suspend=n,address=127.0.0.1:56236
Begin MonoManager ReloadAssembly
Registering precompiled unity dll's ...
Register platform support module: C:/Program Files/Unity/Hub/Editor/2020.3.17f1/Editor/Data/PlaybackEngines/WindowsStandaloneSupport/UnityEditor.WindowsStandalone.Extensions.dll
Registered in 0.001313 seconds.
Native extension for WindowsStandalone target not found
Refreshing native plugins compatible for Editor in 31.12 ms, found 2 plugins.
Preloading 0 native plugins for Editor in 0.00 ms.
Mono: successfully reloaded assembly
- Completed reload, in  1.070 seconds
Domain Reload Profiling:
	ReloadAssembly (1071ms)
		BeginReloadAssembly (48ms)
			ExecutionOrderSort (0ms)
			DisableScriptedObjects (0ms)
			BackupInstance (0ms)
			ReleaseScriptingObjects (0ms)
			CreateAndSetChildDomain (1ms)
		EndReloadAssembly (480ms)
			LoadAssemblies (46ms)
			RebuildTransferFunctionScriptingTraits (0ms)
			SetupTypeCache (204ms)
			ReleaseScriptCaches (0ms)
			RebuildScriptCaches (29ms)
			SetupLoadedEditorAssemblies (178ms)
				LogAssemblyErrors (0ms)
				InitializePlatformSupportModulesInManaged (4ms)
				SetLoadedEditorAssemblies (0ms)
				RefreshPlugins (31ms)
				BeforeProcessingInitializeOnLoad (20ms)
				ProcessInitializeOnLoadAttributes (77ms)
				ProcessInitializeOnLoadMethodAttributes (46ms)
				AfterProcessingInitializeOnLoad (0ms)
				EditorAssembliesLoaded (0ms)
			ExecutionOrderSort2 (0ms)
			AwakeInstancesAfterBackupRestoration (0ms)
Platform modules already initialized, skipping
Registering precompiled user dll's ...
Registered in 0.002282 seconds.
Begin MonoManager ReloadAssembly
Native extension for WindowsStandalone target not found
Refreshing native plugins compatible for Editor in 0.36 ms, found 2 plugins.
Preloading 0 native plugins for Editor in 0.00 ms.
Mono: successfully reloaded assembly
- Completed reload, in  1.072 seconds
Domain Reload Profiling:
	ReloadAssembly (1073ms)
		BeginReloadAssembly (152ms)
			ExecutionOrderSort (0ms)
			DisableScriptedObjects (4ms)
			BackupInstance (0ms)
			ReleaseScriptingObjects (0ms)
			CreateAndSetChildDomain (21ms)
		EndReloadAssembly (850ms)
			LoadAssemblies (94ms)
			RebuildTransferFunctionScriptingTraits (0ms)
			SetupTypeCache (277ms)
			ReleaseScriptCaches (0ms)
			RebuildScriptCaches (42ms)
			SetupLoadedEditorAssemblies (347ms)
				LogAssemblyErrors (0ms)
				InitializePlatformSupportModulesInManaged (5ms)
				SetLoadedEditorAssemblies (0ms)
				RefreshPlugins (0ms)
				BeforeProcessingInitializeOnLoad (83ms)
				ProcessInitializeOnLoadAttributes (249ms)
				ProcessInitializeOnLoadMethodAttributes (4ms)
				AfterProcessingInitializeOnLoad (5ms)
				EditorAssembliesLoaded (0ms)
			ExecutionOrderSort2 (0ms)
			AwakeInstancesAfterBackupRestoration (6ms)
Platform modules already initialized, skipping
========================================================================
Worker process is ready to serve import requests
Launched and connected shader compiler UnityShaderCompiler.exe after 0.10 seconds
Refreshing native plugins compatible for Editor in 0.56 ms, found 2 plugins.
Preloading 0 native plugins for Editor in 0.00 ms.
Unloading 1399 Unused Serialized files (Serialized files now loaded: 0)
System memory in use before: 65.2 MB.
System memory in use after: 65.2 MB.

Unloading 16 unused Assets to reduce memory usage. Loaded Objects now: 1835.
Total: 7.321400 ms (FindLiveObjects: 0.310500 ms CreateObjectMapping: 0.088700 ms MarkObjects: 6.749900 ms  DeleteObjects: 0.169300 ms)

AssetImportParameters requested are different than current active one (requested -> active):
  custom:framework-win-MediaFoundation: 216162199b28c13a410421893ffa2e32 -> 
  custom:video-decoder-ogg-theora: a1e56fd34408186e4bbccfd4996cb3dc -> 
  custom:container-muxer-webm: aa71ff27fc2769a1b78a27578f13a17b -> 
  custom:container-demuxer-webm: 4f35f7cbe854078d1ac9338744f61a02 -> 
  custom:container-demuxer-ogg: 62fdf1f143b41e24485cea50d1cbac27 -> 
  custom:video-encoder-webm-vp8: eb34c28f22e8b96e1ab97ce403110664 -> 
  custom:video-decoder-webm-vp8: 9c59270c3fd7afecdb556c50c9e8de78 -> 
  custom:audio-decoder-ogg-vorbis: bf7c407c2cedff20999df2af8eb42d56 -> 
  custom:audio-encoder-webm-vorbis: bf7c407c2cedff20999df2af8eb42d56 -> 
========================================================================
Received Import Request.
  path: Assets/_Prefabs/Polycubes/Polycube 1.prefab
  artifactKey: Guid(a4161b7ce221c9a429d689845f86e409) Importer(815301076,1909f56bfc062723c751e8b465ee728b)
Start importing Assets/_Prefabs/Polycubes/Polycube 1.prefab using Guid(a4161b7ce221c9a429d689845f86e409) Importer(815301076,1909f56bfc062723c751e8b465ee728b)  -> (artifact id: 'f97d79dd1c5e12eca72fd50fa30c953e') in 0.109611 seconds 
  Import took 0.113653 seconds .

========================================================================
Received Import Request.
  Time since last request: 9.644759 seconds.
  path: Assets/_Prefabs/Polycubes/Polycube.prefab
  artifactKey: Guid(a4161b7ce221c9a429d689845f86e409) Importer(815301076,1909f56bfc062723c751e8b465ee728b)
Start importing Assets/_Prefabs/Polycubes/Polycube.prefab using Guid(a4161b7ce221c9a429d689845f86e409) Importer(815301076,1909f56bfc062723c751e8b465ee728b)  -> (artifact id: 'c379fd738613af94430b5047cf8db9e7') in 0.022113 seconds 
  Import took 0.025469 seconds .

========================================================================
Received Prepare
Registering precompiled user dll's ...
Registered in 0.003070 seconds.
Begin MonoManager ReloadAssembly
Native extension for WindowsStandalone target not found
Refreshing native plugins compatible for Editor in 0.43 ms, found 2 plugins.
Preloading 0 native plugins for Editor in 0.00 ms.
Mono: successfully reloaded assembly
- Completed reload, in  1.163 seconds
Domain Reload Profiling:
	ReloadAssembly (1163ms)
		BeginReloadAssembly (163ms)
			ExecutionOrderSort (0ms)
			DisableScriptedObjects (4ms)
			BackupInstance (0ms)
			ReleaseScriptingObjects (0ms)
			CreateAndSetChildDomain (60ms)
		EndReloadAssembly (923ms)
			LoadAssemblies (94ms)
			RebuildTransferFunctionScriptingTraits (0ms)
			SetupTypeCache (328ms)
			ReleaseScriptCaches (1ms)
			RebuildScriptCaches (34ms)
			SetupLoadedEditorAssemblies (341ms)
				LogAssemblyErrors (0ms)
				InitializePlatformSupportModulesInManaged (5ms)
				SetLoadedEditorAssemblies (0ms)
				RefreshPlugins (1ms)
				BeforeProcessingInitializeOnLoad (85ms)
				ProcessInitializeOnLoadAttributes (241ms)
				ProcessInitializeOnLoadMethodAttributes (4ms)
				AfterProcessingInitializeOnLoad (4ms)
				EditorAssembliesLoaded (0ms)
			ExecutionOrderSort2 (0ms)
			AwakeInstancesAfterBackupRestoration (7ms)
Platform modules already initialized, skipping
Refreshing native plugins compatible for Editor in 0.80 ms, found 2 plugins.
Preloading 0 native plugins for Editor in 0.00 ms.
Unloading 1393 Unused Serialized files (Serialized files now loaded: 0)
System memory in use before: 68.1 MB.
System memory in use after: 68.2 MB.

Unloading 11 unused Assets to reduce memory usage. Loaded Objects now: 1844.
Total: 5.369300 ms (FindLiveObjects: 0.382700 ms CreateObjectMapping: 0.136000 ms MarkObjects: 4.816000 ms  DeleteObjects: 0.031600 ms)

AssetImportParameters requested are different than current active one (requested -> active):
  custom:framework-win-MediaFoundation: 216162199b28c13a410421893ffa2e32 -> 
  custom:video-decoder-ogg-theora: a1e56fd34408186e4bbccfd4996cb3dc -> 
  custom:container-muxer-webm: aa71ff27fc2769a1b78a27578f13a17b -> 
  custom:container-demuxer-webm: 4f35f7cbe854078d1ac9338744f61a02 -> 
  custom:container-demuxer-ogg: 62fdf1f143b41e24485cea50d1cbac27 -> 
  custom:video-encoder-webm-vp8: eb34c28f22e8b96e1ab97ce403110664 -> 
  custom:video-decoder-webm-vp8: 9c59270c3fd7afecdb556c50c9e8de78 -> 
  custom:audio-decoder-ogg-vorbis: bf7c407c2cedff20999df2af8eb42d56 -> 
  custom:audio-encoder-webm-vorbis: bf7c407c2cedff20999df2af8eb42d56 -> 
========================================================================
Received Import Request.
  Time since last request: 90.293060 seconds.
  path: Assets/_Prefabs/Polycubes/Polycube1.prefab
  artifactKey: Guid(16a40cadf104f844989d539a68b00915) Importer(815301076,1909f56bfc062723c751e8b465ee728b)
Start importing Assets/_Prefabs/Polycubes/Polycube1.prefab using Guid(16a40cadf104f844989d539a68b00915) Importer(815301076,1909f56bfc062723c751e8b465ee728b)  -> (artifact id: 'b4da2af9f9043816cf1500acf812dd79') in 0.060715 seconds 
  Import took 0.066005 seconds .

========================================================================
Received Import Request.
  Time since last request: 24.398364 seconds.
  path: Assets/_Prefabs/Polycubes/Polycube1.prefab
  artifactKey: Guid(16a40cadf104f844989d539a68b00915) Importer(815301076,1909f56bfc062723c751e8b465ee728b)
Start importing Assets/_Prefabs/Polycubes/Polycube1.prefab using Guid(16a40cadf104f844989d539a68b00915) Importer(815301076,1909f56bfc062723c751e8b465ee728b)  -> (artifact id: 'a54efebf8d3ad8ea2fd037850f12aa67') in 0.030777 seconds 
  Import took 0.036217 seconds .

========================================================================
Received Import Request.
  Time since last request: 5.611667 seconds.
  path: Assets/_Prefabs/Polycubes/Polycube1.prefab
  artifactKey: Guid(16a40cadf104f844989d539a68b00915) Importer(815301076,1909f56bfc062723c751e8b465ee728b)
Start importing Assets/_Prefabs/Polycubes/Polycube1.prefab using Guid(16a40cadf104f844989d539a68b00915) Importer(815301076,1909f56bfc062723c751e8b465ee728b)  -> (artifact id: 'f8508dc8d5f427431d5ab7d440241889') in 0.022963 seconds 
  Import took 0.025878 seconds .

========================================================================
Received Import Request.
  Time since last request: 3.448367 seconds.
  path: Assets/_Prefabs/Polycubes/Polycube1.prefab
  artifactKey: Guid(16a40cadf104f844989d539a68b00915) Importer(815301076,1909f56bfc062723c751e8b465ee728b)
Start importing Assets/_Prefabs/Polycubes/Polycube1.prefab using Guid(16a40cadf104f844989d539a68b00915) Importer(815301076,1909f56bfc062723c751e8b465ee728b)  -> (artifact id: '37d29ddcb01007dae7245fdb6c8736e2') in 0.021895 seconds 
  Import took 0.027230 seconds .

========================================================================
Received Import Request.
  Time since last request: 13.045395 seconds.
  path: Assets/_Prefabs/Polycubes/Polycube1.prefab
  artifactKey: Guid(16a40cadf104f844989d539a68b00915) Importer(815301076,1909f56bfc062723c751e8b465ee728b)
Start importing Assets/_Prefabs/Polycubes/Polycube1.prefab using Guid(16a40cadf104f844989d539a68b00915) Importer(815301076,1909f56bfc062723c751e8b465ee728b)  -> (artifact id: '9d49907d6b08aaef16fb8e4c79b03d23') in 0.017464 seconds 
  Import took 0.023639 seconds .

========================================================================
Received Prepare
Registering precompiled user dll's ...
Registered in 0.001835 seconds.
Begin MonoManager ReloadAssembly
Native extension for WindowsStandalone target not found
Refreshing native plugins compatible for Editor in 0.37 ms, found 2 plugins.
Preloading 0 native plugins for Editor in 0.00 ms.
Mono: successfully reloaded assembly
- Completed reload, in  1.003 seconds
Domain Reload Profiling:
	ReloadAssembly (1003ms)
		BeginReloadAssembly (154ms)
			ExecutionOrderSort (0ms)
			DisableScriptedObjects (4ms)
			BackupInstance (0ms)
			ReleaseScriptingObjects (0ms)
			CreateAndSetChildDomain (62ms)
		EndReloadAssembly (779ms)
			LoadAssemblies (108ms)
			RebuildTransferFunctionScriptingTraits (0ms)
			SetupTypeCache (253ms)
			ReleaseScriptCaches (1ms)
			RebuildScriptCaches (34ms)
			SetupLoadedEditorAssemblies (278ms)
				LogAssemblyErrors (0ms)
				InitializePlatformSupportModulesInManaged (5ms)
				SetLoadedEditorAssemblies (0ms)
				RefreshPlugins (0ms)
				BeforeProcessingInitializeOnLoad (75ms)
				ProcessInitializeOnLoadAttributes (189ms)
				ProcessInitializeOnLoadMethodAttributes (4ms)
				AfterProcessingInitializeOnLoad (5ms)
				EditorAssembliesLoaded (0ms)
			ExecutionOrderSort2 (0ms)
			AwakeInstancesAfterBackupRestoration (6ms)
Platform modules already initialized, skipping
Refreshing native plugins compatible for Editor in 0.51 ms, found 2 plugins.
Preloading 0 native plugins for Editor in 0.00 ms.
Unloading 1393 Unused Serialized files (Serialized files now loaded: 0)
System memory in use before: 68.2 MB.
System memory in use after: 68.3 MB.

Unloading 11 unused Assets to reduce memory usage. Loaded Objects now: 1847.
Total: 7.220000 ms (FindLiveObjects: 0.363400 ms CreateObjectMapping: 0.095300 ms MarkObjects: 6.710600 ms  DeleteObjects: 0.047700 ms)

AssetImportParameters requested are different than current active one (requested -> active):
  custom:framework-win-MediaFoundation: 216162199b28c13a410421893ffa2e32 -> 
  custom:video-decoder-ogg-theora: a1e56fd34408186e4bbccfd4996cb3dc -> 
  custom:container-muxer-webm: aa71ff27fc2769a1b78a27578f13a17b -> 
  custom:container-demuxer-webm: 4f35f7cbe854078d1ac9338744f61a02 -> 
  custom:container-demuxer-ogg: 62fdf1f143b41e24485cea50d1cbac27 -> 
  custom:video-encoder-webm-vp8: eb34c28f22e8b96e1ab97ce403110664 -> 
  custom:video-decoder-webm-vp8: 9c59270c3fd7afecdb556c50c9e8de78 -> 
  custom:audio-decoder-ogg-vorbis: bf7c407c2cedff20999df2af8eb42d56 -> 
  custom:audio-encoder-webm-vorbis: bf7c407c2cedff20999df2af8eb42d56 -> 
========================================================================
Received Import Request.
  Time since last request: 42.434742 seconds.
  path: Assets/_Prefabs/Polycubes/cube rounded.prefab
  artifactKey: Guid(44e019f5cddfc2548a7af98ddcd3e51d) Importer(815301076,1909f56bfc062723c751e8b465ee728b)
Start importing Assets/_Prefabs/Polycubes/cube rounded.prefab using Guid(44e019f5cddfc2548a7af98ddcd3e51d) Importer(815301076,1909f56bfc062723c751e8b465ee728b)  -> (artifact id: '286c6d36d2e8911cbb990edc72dc8d9f') in 0.094971 seconds 
  Import took 0.099641 seconds .

========================================================================
Received Import Request.
  Time since last request: 5.553471 seconds.
  path: Assets/_Prefabs/Polycubes/Builder.prefab
  artifactKey: Guid(44e019f5cddfc2548a7af98ddcd3e51d) Importer(815301076,1909f56bfc062723c751e8b465ee728b)
Start importing Assets/_Prefabs/Polycubes/Builder.prefab using Guid(44e019f5cddfc2548a7af98ddcd3e51d) Importer(815301076,1909f56bfc062723c751e8b465ee728b)  -> (artifact id: '88ff7e1da2c4fb46b34efcca66901704') in 0.019700 seconds 
  Import took 0.023968 seconds .

========================================================================
Received Import Request.
  Time since last request: 0.003138 seconds.
  path: Assets/_Prefabs/Polycubes/Builder.prefab
  artifactKey: Guid(44e019f5cddfc2548a7af98ddcd3e51d) Importer(815301076,1909f56bfc062723c751e8b465ee728b)
Start importing Assets/_Prefabs/Polycubes/Builder.prefab using Guid(44e019f5cddfc2548a7af98ddcd3e51d) Importer(815301076,1909f56bfc062723c751e8b465ee728b)  -> (artifact id: '88ff7e1da2c4fb46b34efcca66901704') in 0.010414 seconds 
  Import took 0.013810 seconds .

========================================================================
Received Import Request.
  Time since last request: 63.551043 seconds.
  path: Assets/_Prefabs/Polycubes/Polycube0.prefab
  artifactKey: Guid(439561f9cfbaae846b40e69a8b422038) Importer(815301076,1909f56bfc062723c751e8b465ee728b)
Start importing Assets/_Prefabs/Polycubes/Polycube0.prefab using Guid(439561f9cfbaae846b40e69a8b422038) Importer(815301076,1909f56bfc062723c751e8b465ee728b)  -> (artifact id: 'd25c64f5c01dd1b28e3cc2a8e969ab4d') in 0.025928 seconds 
  Import took 0.030118 seconds .

========================================================================
Received Import Request.
  Time since last request: 12157.313032 seconds.
  path: ProjectSettings/TagManager.asset
  artifactKey: Guid(00000000000000003000000000000000) Importer(815301076,1909f56bfc062723c751e8b465ee728b)
Start importing ProjectSettings/TagManager.asset using Guid(00000000000000003000000000000000) Importer(815301076,1909f56bfc062723c751e8b465ee728b)  -> (artifact id: '93e860736d81f67ad6fb3b7093fab87b') in 0.009004 seconds 
  Import took 0.014265 seconds .

========================================================================
Received Prepare
Registering precompiled user dll's ...
Registered in 0.004770 seconds.
Begin MonoManager ReloadAssembly
Native extension for WindowsStandalone target not found
Refreshing native plugins compatible for Editor in 0.45 ms, found 2 plugins.
Preloading 0 native plugins for Editor in 0.00 ms.
Mono: successfully reloaded assembly
- Completed reload, in  1.140 seconds
Domain Reload Profiling:
	ReloadAssembly (1141ms)
		BeginReloadAssembly (130ms)
			ExecutionOrderSort (0ms)
			DisableScriptedObjects (11ms)
			BackupInstance (0ms)
			ReleaseScriptingObjects (0ms)
			CreateAndSetChildDomain (36ms)
		EndReloadAssembly (923ms)
			LoadAssemblies (98ms)
			RebuildTransferFunctionScriptingTraits (0ms)
			SetupTypeCache (332ms)
			ReleaseScriptCaches (1ms)
			RebuildScriptCaches (57ms)
			SetupLoadedEditorAssemblies (305ms)
				LogAssemblyErrors (0ms)
				InitializePlatformSupportModulesInManaged (8ms)
				SetLoadedEditorAssemblies (1ms)
				RefreshPlugins (1ms)
				BeforeProcessingInitializeOnLoad (84ms)
				ProcessInitializeOnLoadAttributes (204ms)
				ProcessInitializeOnLoadMethodAttributes (4ms)
				AfterProcessingInitializeOnLoad (4ms)
				EditorAssembliesLoaded (0ms)
			ExecutionOrderSort2 (0ms)
			AwakeInstancesAfterBackupRestoration (6ms)
Platform modules already initialized, skipping
Refreshing native plugins compatible for Editor in 0.60 ms, found 2 plugins.
Preloading 0 native plugins for Editor in 0.00 ms.
Unloading 1393 Unused Serialized files (Serialized files now loaded: 0)
System memory in use before: 68.2 MB.
System memory in use after: 68.3 MB.

Unloading 12 unused Assets to reduce memory usage. Loaded Objects now: 1850.
Total: 3.900700 ms (FindLiveObjects: 0.348200 ms CreateObjectMapping: 0.211800 ms MarkObjects: 3.314000 ms  DeleteObjects: 0.024300 ms)

AssetImportParameters requested are different than current active one (requested -> active):
  custom:framework-win-MediaFoundation: 216162199b28c13a410421893ffa2e32 -> 
  custom:video-decoder-ogg-theora: a1e56fd34408186e4bbccfd4996cb3dc -> 
  custom:container-muxer-webm: aa71ff27fc2769a1b78a27578f13a17b -> 
  custom:container-demuxer-webm: 4f35f7cbe854078d1ac9338744f61a02 -> 
  custom:container-demuxer-ogg: 62fdf1f143b41e24485cea50d1cbac27 -> 
  custom:video-encoder-webm-vp8: eb34c28f22e8b96e1ab97ce403110664 -> 
  custom:video-decoder-webm-vp8: 9c59270c3fd7afecdb556c50c9e8de78 -> 
  custom:audio-decoder-ogg-vorbis: bf7c407c2cedff20999df2af8eb42d56 -> 
  custom:audio-encoder-webm-vorbis: bf7c407c2cedff20999df2af8eb42d56 -> 
========================================================================
Received Prepare
Registering precompiled user dll's ...
Registered in 0.003151 seconds.
Begin MonoManager ReloadAssembly
Native extension for WindowsStandalone target not found
Refreshing native plugins compatible for Editor in 0.38 ms, found 2 plugins.
Preloading 0 native plugins for Editor in 0.00 ms.
Mono: successfully reloaded assembly
- Completed reload, in  1.037 seconds
Domain Reload Profiling:
	ReloadAssembly (1038ms)
		BeginReloadAssembly (115ms)
			ExecutionOrderSort (0ms)
			DisableScriptedObjects (4ms)
			BackupInstance (0ms)
			ReleaseScriptingObjects (0ms)
			CreateAndSetChildDomain (40ms)
		EndReloadAssembly (846ms)
			LoadAssemblies (92ms)
			RebuildTransferFunctionScriptingTraits (0ms)
			SetupTypeCache (302ms)
			ReleaseScriptCaches (1ms)
			RebuildScriptCaches (37ms)
			SetupLoadedEditorAssemblies (297ms)
				LogAssemblyErrors (0ms)
				InitializePlatformSupportModulesInManaged (5ms)
				SetLoadedEditorAssemblies (0ms)
				RefreshPlugins (0ms)
				BeforeProcessingInitializeOnLoad (84ms)
				ProcessInitializeOnLoadAttributes (196ms)
				ProcessInitializeOnLoadMethodAttributes (5ms)
				AfterProcessingInitializeOnLoad (6ms)
				EditorAssembliesLoaded (0ms)
			ExecutionOrderSort2 (0ms)
			AwakeInstancesAfterBackupRestoration (6ms)
Platform modules already initialized, skipping
Refreshing native plugins compatible for Editor in 0.45 ms, found 2 plugins.
Preloading 0 native plugins for Editor in 0.00 ms.
Unloading 1393 Unused Serialized files (Serialized files now loaded: 0)
System memory in use before: 68.2 MB.
System memory in use after: 68.3 MB.

Unloading 11 unused Assets to reduce memory usage. Loaded Objects now: 1852.
Total: 6.812700 ms (FindLiveObjects: 0.281600 ms CreateObjectMapping: 0.075900 ms MarkObjects: 6.409500 ms  DeleteObjects: 0.042500 ms)

AssetImportParameters requested are different than current active one (requested -> active):
  custom:framework-win-MediaFoundation: 216162199b28c13a410421893ffa2e32 -> 
  custom:video-decoder-ogg-theora: a1e56fd34408186e4bbccfd4996cb3dc -> 
  custom:container-muxer-webm: aa71ff27fc2769a1b78a27578f13a17b -> 
  custom:container-demuxer-webm: 4f35f7cbe854078d1ac9338744f61a02 -> 
  custom:container-demuxer-ogg: 62fdf1f143b41e24485cea50d1cbac27 -> 
  custom:video-encoder-webm-vp8: eb34c28f22e8b96e1ab97ce403110664 -> 
  custom:video-decoder-webm-vp8: 9c59270c3fd7afecdb556c50c9e8de78 -> 
  custom:audio-decoder-ogg-vorbis: bf7c407c2cedff20999df2af8eb42d56 -> 
  custom:audio-encoder-webm-vorbis: bf7c407c2cedff20999df2af8eb42d56 -> 
========================================================================
Received Prepare
Registering precompiled user dll's ...
Registered in 0.001718 seconds.
Begin MonoManager ReloadAssembly
Native extension for WindowsStandalone target not found
Refreshing native plugins compatible for Editor in 0.37 ms, found 2 plugins.
Preloading 0 native plugins for Editor in 0.00 ms.
Mono: successfully reloaded assembly
- Completed reload, in  0.984 seconds
Domain Reload Profiling:
	ReloadAssembly (985ms)
		BeginReloadAssembly (126ms)
			ExecutionOrderSort (0ms)
			DisableScriptedObjects (4ms)
			BackupInstance (0ms)
			ReleaseScriptingObjects (0ms)
			CreateAndSetChildDomain (47ms)
		EndReloadAssembly (802ms)
			LoadAssemblies (81ms)
			RebuildTransferFunctionScriptingTraits (0ms)
			SetupTypeCache (312ms)
			ReleaseScriptCaches (1ms)
			RebuildScriptCaches (40ms)
			SetupLoadedEditorAssemblies (284ms)
				LogAssemblyErrors (0ms)
				InitializePlatformSupportModulesInManaged (5ms)
				SetLoadedEditorAssemblies (0ms)
				RefreshPlugins (0ms)
				BeforeProcessingInitializeOnLoad (63ms)
				ProcessInitializeOnLoadAttributes (207ms)
				ProcessInitializeOnLoadMethodAttributes (4ms)
				AfterProcessingInitializeOnLoad (4ms)
				EditorAssembliesLoaded (0ms)
			ExecutionOrderSort2 (0ms)
			AwakeInstancesAfterBackupRestoration (6ms)
Platform modules already initialized, skipping
Refreshing native plugins compatible for Editor in 0.65 ms, found 2 plugins.
Preloading 0 native plugins for Editor in 0.00 ms.
Unloading 1393 Unused Serialized files (Serialized files now loaded: 0)
System memory in use before: 68.2 MB.
System memory in use after: 68.3 MB.

Unloading 11 unused Assets to reduce memory usage. Loaded Objects now: 1854.
Total: 7.079300 ms (FindLiveObjects: 0.317900 ms CreateObjectMapping: 0.120100 ms MarkObjects: 6.598200 ms  DeleteObjects: 0.040600 ms)

AssetImportParameters requested are different than current active one (requested -> active):
  custom:framework-win-MediaFoundation: 216162199b28c13a410421893ffa2e32 -> 
  custom:video-decoder-ogg-theora: a1e56fd34408186e4bbccfd4996cb3dc -> 
  custom:container-muxer-webm: aa71ff27fc2769a1b78a27578f13a17b -> 
  custom:container-demuxer-webm: 4f35f7cbe854078d1ac9338744f61a02 -> 
  custom:container-demuxer-ogg: 62fdf1f143b41e24485cea50d1cbac27 -> 
  custom:video-encoder-webm-vp8: eb34c28f22e8b96e1ab97ce403110664 -> 
  custom:video-decoder-webm-vp8: 9c59270c3fd7afecdb556c50c9e8de78 -> 
  custom:audio-decoder-ogg-vorbis: bf7c407c2cedff20999df2af8eb42d56 -> 
  custom:audio-encoder-webm-vorbis: bf7c407c2cedff20999df2af8eb42d56 -> 
========================================================================
Received Import Request.
  Time since last request: 356.216335 seconds.
  path: Assets/_Prefabs/Arena.prefab
  artifactKey: Guid(3667ed1cd86d5e14dbba52d3d8cf057c) Importer(815301076,1909f56bfc062723c751e8b465ee728b)
Start importing Assets/_Prefabs/Arena.prefab using Guid(3667ed1cd86d5e14dbba52d3d8cf057c) Importer(815301076,1909f56bfc062723c751e8b465ee728b)  -> (artifact id: '74c46042368ab9cad427f82994ea2223') in 0.087508 seconds 
  Import took 0.106123 seconds .

========================================================================
Received Prepare
Registering precompiled user dll's ...
Registered in 0.001882 seconds.
Begin MonoManager ReloadAssembly
Native extension for WindowsStandalone target not found
Refreshing native plugins compatible for Editor in 0.37 ms, found 2 plugins.
Preloading 0 native plugins for Editor in 0.00 ms.
Mono: successfully reloaded assembly
- Completed reload, in  1.120 seconds
Domain Reload Profiling:
	ReloadAssembly (1120ms)
		BeginReloadAssembly (158ms)
			ExecutionOrderSort (0ms)
			DisableScriptedObjects (5ms)
			BackupInstance (0ms)
			ReleaseScriptingObjects (0ms)
			CreateAndSetChildDomain (61ms)
		EndReloadAssembly (891ms)
			LoadAssemblies (102ms)
			RebuildTransferFunctionScriptingTraits (0ms)
			SetupTypeCache (281ms)
			ReleaseScriptCaches (1ms)
			RebuildScriptCaches (44ms)
			SetupLoadedEditorAssemblies (345ms)
				LogAssemblyErrors (0ms)
				InitializePlatformSupportModulesInManaged (5ms)
				SetLoadedEditorAssemblies (0ms)
				RefreshPlugins (0ms)
				BeforeProcessingInitializeOnLoad (98ms)
				ProcessInitializeOnLoadAttributes (232ms)
				ProcessInitializeOnLoadMethodAttributes (4ms)
				AfterProcessingInitializeOnLoad (4ms)
				EditorAssembliesLoaded (0ms)
			ExecutionOrderSort2 (0ms)
			AwakeInstancesAfterBackupRestoration (6ms)
Platform modules already initialized, skipping
Refreshing native plugins compatible for Editor in 0.62 ms, found 2 plugins.
Preloading 0 native plugins for Editor in 0.00 ms.
Unloading 1393 Unused Serialized files (Serialized files now loaded: 0)
System memory in use before: 68.3 MB.
System memory in use after: 68.4 MB.

Unloading 11 unused Assets to reduce memory usage. Loaded Objects now: 1858.
Total: 7.471500 ms (FindLiveObjects: 0.336900 ms CreateObjectMapping: 0.095700 ms MarkObjects: 6.994500 ms  DeleteObjects: 0.042100 ms)

AssetImportParameters requested are different than current active one (requested -> active):
  custom:framework-win-MediaFoundation: 216162199b28c13a410421893ffa2e32 -> 
  custom:video-decoder-ogg-theora: a1e56fd34408186e4bbccfd4996cb3dc -> 
  custom:container-muxer-webm: aa71ff27fc2769a1b78a27578f13a17b -> 
  custom:container-demuxer-webm: 4f35f7cbe854078d1ac9338744f61a02 -> 
  custom:container-demuxer-ogg: 62fdf1f143b41e24485cea50d1cbac27 -> 
  custom:video-encoder-webm-vp8: eb34c28f22e8b96e1ab97ce403110664 -> 
  custom:video-decoder-webm-vp8: 9c59270c3fd7afecdb556c50c9e8de78 -> 
  custom:audio-decoder-ogg-vorbis: bf7c407c2cedff20999df2af8eb42d56 -> 
  custom:audio-encoder-webm-vorbis: bf7c407c2cedff20999df2af8eb42d56 -> 
========================================================================
Received Import Request.
  Time since last request: 4.949270 seconds.
  path: Assets/_Prefabs/Polycubes/Polycube0 1.prefab
  artifactKey: Guid(0bbbd8fde9a5ccc449969b05cd5e63eb) Importer(815301076,1909f56bfc062723c751e8b465ee728b)
Start importing Assets/_Prefabs/Polycubes/Polycube0 1.prefab using Guid(0bbbd8fde9a5ccc449969b05cd5e63eb) Importer(815301076,1909f56bfc062723c751e8b465ee728b)  -> (artifact id: '638e1a4cedda3bc1c805c6aaf1a19651') in 0.080631 seconds 
  Import took 0.085847 seconds .

========================================================================
Received Import Request.
  Time since last request: 0.003237 seconds.
  path: Assets/_Prefabs/Polycubes/Polycube0 1.prefab
  artifactKey: Guid(0bbbd8fde9a5ccc449969b05cd5e63eb) Importer(815301076,1909f56bfc062723c751e8b465ee728b)
Start importing Assets/_Prefabs/Polycubes/Polycube0 1.prefab using Guid(0bbbd8fde9a5ccc449969b05cd5e63eb) Importer(815301076,1909f56bfc062723c751e8b465ee728b)  -> (artifact id: '638e1a4cedda3bc1c805c6aaf1a19651') in 0.015840 seconds 
  Import took 0.021027 seconds .

========================================================================
Received Import Request.
  Time since last request: 2.885981 seconds.
  path: Assets/_Prefabs/Polycubes/Polycube0 1.prefab
  artifactKey: Guid(0bbbd8fde9a5ccc449969b05cd5e63eb) Importer(815301076,1909f56bfc062723c751e8b465ee728b)
Start importing Assets/_Prefabs/Polycubes/Polycube0 1.prefab using Guid(0bbbd8fde9a5ccc449969b05cd5e63eb) Importer(815301076,1909f56bfc062723c751e8b465ee728b)  -> (artifact id: 'e714bed2092432f28dbaaf2a1df2512b') in 0.021814 seconds 
  Import took 0.026587 seconds .

========================================================================
Received Import Request.
  Time since last request: 13.263082 seconds.
  path: Assets/_Prefabs/Polycubes/Polycube0 1.prefab
  artifactKey: Guid(0bbbd8fde9a5ccc449969b05cd5e63eb) Importer(815301076,1909f56bfc062723c751e8b465ee728b)
Start importing Assets/_Prefabs/Polycubes/Polycube0 1.prefab using Guid(0bbbd8fde9a5ccc449969b05cd5e63eb) Importer(815301076,1909f56bfc062723c751e8b465ee728b)  -> (artifact id: 'd9d6b9c2f278bc2e4a3006b9c9139c95') in 0.033107 seconds 
  Import took 0.037811 seconds .

========================================================================
Received Import Request.
  Time since last request: 1.792281 seconds.
  path: Assets/_Prefabs/Polycubes/Polycube0 1.prefab
  artifactKey: Guid(0bbbd8fde9a5ccc449969b05cd5e63eb) Importer(815301076,1909f56bfc062723c751e8b465ee728b)
Start importing Assets/_Prefabs/Polycubes/Polycube0 1.prefab using Guid(0bbbd8fde9a5ccc449969b05cd5e63eb) Importer(815301076,1909f56bfc062723c751e8b465ee728b)  -> (artifact id: '10a08403b3b4648973734b7e1d33b438') in 0.020491 seconds 
  Import took 0.025186 seconds .

========================================================================
Received Import Request.
  Time since last request: 1.424975 seconds.
  path: Assets/_Prefabs/Polycubes/Polycube0 1.prefab
  artifactKey: Guid(0bbbd8fde9a5ccc449969b05cd5e63eb) Importer(815301076,1909f56bfc062723c751e8b465ee728b)
Start importing Assets/_Prefabs/Polycubes/Polycube0 1.prefab using Guid(0bbbd8fde9a5ccc449969b05cd5e63eb) Importer(815301076,1909f56bfc062723c751e8b465ee728b)  -> (artifact id: 'be15de5903d172c498ec74082230641f') in 0.033832 seconds 
  Import took 0.039651 seconds .

========================================================================
Received Import Request.
  Time since last request: 4.804576 seconds.
  path: Assets/_Prefabs/Polycubes/Polycube0 1.prefab
  artifactKey: Guid(0bbbd8fde9a5ccc449969b05cd5e63eb) Importer(815301076,1909f56bfc062723c751e8b465ee728b)
Start importing Assets/_Prefabs/Polycubes/Polycube0 1.prefab using Guid(0bbbd8fde9a5ccc449969b05cd5e63eb) Importer(815301076,1909f56bfc062723c751e8b465ee728b)  -> (artifact id: '005b32b806f6390bbb552884e8c31c38') in 0.029055 seconds 
  Import took 0.034839 seconds .

========================================================================
Received Import Request.
  Time since last request: 39.194487 seconds.
  path: Assets/_Prefabs/Polycubes/Polycube0 2.prefab
  artifactKey: Guid(7de27f7cff4bb3e41b9dae9ac3a32e22) Importer(815301076,1909f56bfc062723c751e8b465ee728b)
Start importing Assets/_Prefabs/Polycubes/Polycube0 2.prefab using Guid(7de27f7cff4bb3e41b9dae9ac3a32e22) Importer(815301076,1909f56bfc062723c751e8b465ee728b)  -> (artifact id: '598e241df5434676189a1b2aa08ce256') in 0.030374 seconds 
  Import took 0.035133 seconds .

========================================================================
Received Import Request.
  Time since last request: 0.003788 seconds.
  path: Assets/_Prefabs/Polycubes/Polycube0 2.prefab
  artifactKey: Guid(7de27f7cff4bb3e41b9dae9ac3a32e22) Importer(815301076,1909f56bfc062723c751e8b465ee728b)
Start importing Assets/_Prefabs/Polycubes/Polycube0 2.prefab using Guid(7de27f7cff4bb3e41b9dae9ac3a32e22) Importer(815301076,1909f56bfc062723c751e8b465ee728b)  -> (artifact id: '598e241df5434676189a1b2aa08ce256') in 0.023704 seconds 
  Import took 0.028854 seconds .

========================================================================
Received Import Request.
  Time since last request: 9.926966 seconds.
  path: Assets/_Prefabs/Polycubes/Polycube0 2.prefab
  artifactKey: Guid(7de27f7cff4bb3e41b9dae9ac3a32e22) Importer(815301076,1909f56bfc062723c751e8b465ee728b)
Start importing Assets/_Prefabs/Polycubes/Polycube0 2.prefab using Guid(7de27f7cff4bb3e41b9dae9ac3a32e22) Importer(815301076,1909f56bfc062723c751e8b465ee728b)  -> (artifact id: 'b2e919a473dabc98d58c76d4214350f2') in 0.020984 seconds 
  Import took 0.027030 seconds .

========================================================================
Received Import Request.
  Time since last request: 2.801836 seconds.
  path: Assets/_Prefabs/Polycubes/Polycube0 2.prefab
  artifactKey: Guid(7de27f7cff4bb3e41b9dae9ac3a32e22) Importer(815301076,1909f56bfc062723c751e8b465ee728b)
Start importing Assets/_Prefabs/Polycubes/Polycube0 2.prefab using Guid(7de27f7cff4bb3e41b9dae9ac3a32e22) Importer(815301076,1909f56bfc062723c751e8b465ee728b)  -> (artifact id: '64a42e7b3942ff5dc801a00652a2a6fd') in 0.026244 seconds 
  Import took 0.034596 seconds .

========================================================================
Received Import Request.
  Time since last request: 2.574818 seconds.
  path: Assets/_Prefabs/Polycubes/Polycube0 2.prefab
  artifactKey: Guid(7de27f7cff4bb3e41b9dae9ac3a32e22) Importer(815301076,1909f56bfc062723c751e8b465ee728b)
Start importing Assets/_Prefabs/Polycubes/Polycube0 2.prefab using Guid(7de27f7cff4bb3e41b9dae9ac3a32e22) Importer(815301076,1909f56bfc062723c751e8b465ee728b)  -> (artifact id: '3acb74dd71cf2c1ecf4cea1ad1683c35') in 0.029150 seconds 
  Import took 0.034938 seconds .

========================================================================
Received Import Request.
  Time since last request: 2.799962 seconds.
  path: Assets/_Prefabs/Polycubes/Polycube0 2.prefab
  artifactKey: Guid(7de27f7cff4bb3e41b9dae9ac3a32e22) Importer(815301076,1909f56bfc062723c751e8b465ee728b)
Start importing Assets/_Prefabs/Polycubes/Polycube0 2.prefab using Guid(7de27f7cff4bb3e41b9dae9ac3a32e22) Importer(815301076,1909f56bfc062723c751e8b465ee728b)  -> (artifact id: '66bb3f8006041e8c06a0a260cecd24a0') in 0.021386 seconds 
  Import took 0.025612 seconds .

========================================================================
Received Import Request.
  Time since last request: 12.885166 seconds.
  path: Assets/_Prefabs/Polycubes/Polycube0 3.prefab
  artifactKey: Guid(7d37e4227a7a3534db4ead42b4e55347) Importer(815301076,1909f56bfc062723c751e8b465ee728b)
Start importing Assets/_Prefabs/Polycubes/Polycube0 3.prefab using Guid(7d37e4227a7a3534db4ead42b4e55347) Importer(815301076,1909f56bfc062723c751e8b465ee728b)  -> (artifact id: '6fc03df031635a2676e38bc62afc28db') in 0.031607 seconds 
  Import took 0.036061 seconds .

========================================================================
Received Import Request.
  Time since last request: 7.514799 seconds.
  path: Assets/_Prefabs/Polycubes/Polycube0 3.prefab
  artifactKey: Guid(7d37e4227a7a3534db4ead42b4e55347) Importer(815301076,1909f56bfc062723c751e8b465ee728b)
Start importing Assets/_Prefabs/Polycubes/Polycube0 3.prefab using Guid(7d37e4227a7a3534db4ead42b4e55347) Importer(815301076,1909f56bfc062723c751e8b465ee728b)  -> (artifact id: '22d75df0c920de653fed6fb58b9352fd') in 0.025107 seconds 
  Import took 0.029988 seconds .

========================================================================
Received Import Request.
  Time since last request: 3.018974 seconds.
  path: Assets/_Prefabs/Polycubes/Polycube0 3.prefab
  artifactKey: Guid(7d37e4227a7a3534db4ead42b4e55347) Importer(815301076,1909f56bfc062723c751e8b465ee728b)
Start importing Assets/_Prefabs/Polycubes/Polycube0 3.prefab using Guid(7d37e4227a7a3534db4ead42b4e55347) Importer(815301076,1909f56bfc062723c751e8b465ee728b)  -> (artifact id: 'b2ff44e49faa411576cdebab92d0b635') in 0.035437 seconds 
  Import took 0.040596 seconds .

========================================================================
Received Import Request.
  Time since last request: 174.331953 seconds.
  path: Assets/_Materials/dirty-floor.mat
  artifactKey: Guid(c9906e81e0a20734b8f07c5db52c1997) Importer(815301076,1909f56bfc062723c751e8b465ee728b)
Start importing Assets/_Materials/dirty-floor.mat using Guid(c9906e81e0a20734b8f07c5db52c1997) Importer(815301076,1909f56bfc062723c751e8b465ee728b)  -> (artifact id: '54496c9802e018f7a7a46de941aabea1') in 0.042748 seconds 
  Import took 0.047654 seconds .

========================================================================
Received Import Request.
  Time since last request: 0.000590 seconds.
  path: Assets/_Materials/shuttle.mat
  artifactKey: Guid(62fb02660762681489677b458608863a) Importer(815301076,1909f56bfc062723c751e8b465ee728b)
Start importing Assets/_Materials/shuttle.mat using Guid(62fb02660762681489677b458608863a) Importer(815301076,1909f56bfc062723c751e8b465ee728b)  -> (artifact id: '5c01a17153f247261b7d28e3abbdec72') in 0.019315 seconds 
  Import took 0.022773 seconds .

========================================================================
Received Import Request.
  Time since last request: 0.000291 seconds.
  path: Assets/_Materials/dirty-floor.mat
  artifactKey: Guid(c9906e81e0a20734b8f07c5db52c1997) Importer(815301076,1909f56bfc062723c751e8b465ee728b)
Start importing Assets/_Materials/dirty-floor.mat using Guid(c9906e81e0a20734b8f07c5db52c1997) Importer(815301076,1909f56bfc062723c751e8b465ee728b)  -> (artifact id: '54496c9802e018f7a7a46de941aabea1') in 0.019635 seconds 
  Import took 0.023966 seconds .

========================================================================
Received Import Request.
  Time since last request: 0.000280 seconds.
  path: Assets/_Materials/shuttle.mat
  artifactKey: Guid(62fb02660762681489677b458608863a) Importer(815301076,1909f56bfc062723c751e8b465ee728b)
Start importing Assets/_Materials/shuttle.mat using Guid(62fb02660762681489677b458608863a) Importer(815301076,1909f56bfc062723c751e8b465ee728b)  -> (artifact id: '5c01a17153f247261b7d28e3abbdec72') in 0.021128 seconds 
  Import took 0.024759 seconds .

========================================================================
Received Import Request.
  Time since last request: 226.222977 seconds.
  path: Assets/_Prefabs/Polycubes/Polycube0 4.prefab
  artifactKey: Guid(846d8d9a78cd66a4ca3fae6c4f6f526a) Importer(815301076,1909f56bfc062723c751e8b465ee728b)
Start importing Assets/_Prefabs/Polycubes/Polycube0 4.prefab using Guid(846d8d9a78cd66a4ca3fae6c4f6f526a) Importer(815301076,1909f56bfc062723c751e8b465ee728b)  -> (artifact id: 'f916dfdf7032caf0660a10032ffa696c') in 0.020622 seconds 
  Import took 0.024792 seconds .

========================================================================
Received Import Request.
  Time since last request: 0.000765 seconds.
  path: Assets/_Prefabs/Polycubes/Polycube0 4.prefab
  artifactKey: Guid(846d8d9a78cd66a4ca3fae6c4f6f526a) Importer(815301076,1909f56bfc062723c751e8b465ee728b)
Start importing Assets/_Prefabs/Polycubes/Polycube0 4.prefab using Guid(846d8d9a78cd66a4ca3fae6c4f6f526a) Importer(815301076,1909f56bfc062723c751e8b465ee728b)  -> (artifact id: 'f916dfdf7032caf0660a10032ffa696c') in 0.019976 seconds 
  Import took 0.025442 seconds .

========================================================================
Received Import Request.
  Time since last request: 4.664508 seconds.
  path: Assets/_Prefabs/Polycubes/Polycube0 4.prefab
  artifactKey: Guid(846d8d9a78cd66a4ca3fae6c4f6f526a) Importer(815301076,1909f56bfc062723c751e8b465ee728b)
Start importing Assets/_Prefabs/Polycubes/Polycube0 4.prefab using Guid(846d8d9a78cd66a4ca3fae6c4f6f526a) Importer(815301076,1909f56bfc062723c751e8b465ee728b)  -> (artifact id: 'aa2965ab52e4942ad4cfd287185a333d') in 0.019811 seconds 
  Import took 0.024581 seconds .

========================================================================
Received Import Request.
  Time since last request: 3.413650 seconds.
  path: Assets/_Prefabs/Polycubes/Polycube0 4.prefab
  artifactKey: Guid(846d8d9a78cd66a4ca3fae6c4f6f526a) Importer(815301076,1909f56bfc062723c751e8b465ee728b)
Start importing Assets/_Prefabs/Polycubes/Polycube0 4.prefab using Guid(846d8d9a78cd66a4ca3fae6c4f6f526a) Importer(815301076,1909f56bfc062723c751e8b465ee728b)  -> (artifact id: '6223069d4a678c1a18dd573eb370a3be') in 0.016280 seconds 
  Import took 0.021106 seconds .

========================================================================
Received Import Request.
  Time since last request: 2.191850 seconds.
  path: Assets/_Prefabs/Polycubes/Polycube0 4.prefab
  artifactKey: Guid(846d8d9a78cd66a4ca3fae6c4f6f526a) Importer(815301076,1909f56bfc062723c751e8b465ee728b)
Start importing Assets/_Prefabs/Polycubes/Polycube0 4.prefab using Guid(846d8d9a78cd66a4ca3fae6c4f6f526a) Importer(815301076,1909f56bfc062723c751e8b465ee728b)  -> (artifact id: '1eab070b0529f9e14630980a5511f9eb') in 0.015055 seconds 
  Import took 0.020410 seconds .

========================================================================
Received Import Request.
  Time since last request: 15.147165 seconds.
  path: Assets/_Prefabs/Polycubes/Polycube1.prefab
  artifactKey: Guid(0bbbd8fde9a5ccc449969b05cd5e63eb) Importer(815301076,1909f56bfc062723c751e8b465ee728b)
Start importing Assets/_Prefabs/Polycubes/Polycube1.prefab using Guid(0bbbd8fde9a5ccc449969b05cd5e63eb) Importer(815301076,1909f56bfc062723c751e8b465ee728b)  -> (artifact id: 'ddb7c0e71f22b2628702d83945b70d0e') in 0.015611 seconds 
  Import took 0.021567 seconds .

========================================================================
Received Import Request.
  Time since last request: 6.827488 seconds.
  path: Assets/_Prefabs/Polycubes/Polycube2.prefab
  artifactKey: Guid(7de27f7cff4bb3e41b9dae9ac3a32e22) Importer(815301076,1909f56bfc062723c751e8b465ee728b)
Start importing Assets/_Prefabs/Polycubes/Polycube2.prefab using Guid(7de27f7cff4bb3e41b9dae9ac3a32e22) Importer(815301076,1909f56bfc062723c751e8b465ee728b)  -> (artifact id: 'd2efc3040af91e2aacc7ba5cd1d00921') in 0.023603 seconds 
  Import took 0.030303 seconds .

========================================================================
Received Import Request.
  Time since last request: 5.278405 seconds.
  path: Assets/_Prefabs/Polycubes/Polycube3.prefab
  artifactKey: Guid(7d37e4227a7a3534db4ead42b4e55347) Importer(815301076,1909f56bfc062723c751e8b465ee728b)
Start importing Assets/_Prefabs/Polycubes/Polycube3.prefab using Guid(7d37e4227a7a3534db4ead42b4e55347) Importer(815301076,1909f56bfc062723c751e8b465ee728b)  -> (artifact id: 'c9aa7a6ac3a737556f70cac68827dcdb') in 0.025812 seconds 
  Import took 0.029961 seconds .

========================================================================
Received Import Request.
  Time since last request: 5.531776 seconds.
  path: Assets/_Prefabs/Polycubes/Polycube4.prefab
  artifactKey: Guid(846d8d9a78cd66a4ca3fae6c4f6f526a) Importer(815301076,1909f56bfc062723c751e8b465ee728b)
Start importing Assets/_Prefabs/Polycubes/Polycube4.prefab using Guid(846d8d9a78cd66a4ca3fae6c4f6f526a) Importer(815301076,1909f56bfc062723c751e8b465ee728b)  -> (artifact id: '778c036fb0472bd15e727f59ddd9c14d') in 0.021864 seconds 
  Import took 0.027094 seconds .

========================================================================
Received Import Request.
  Time since last request: 40.302486 seconds.
  path: Assets/_Materials/BlockColors/Mat_Blue.mat
  artifactKey: Guid(c4716c3f50ef728489a9701efe0074bc) Importer(815301076,1909f56bfc062723c751e8b465ee728b)
Start importing Assets/_Materials/BlockColors/Mat_Blue.mat using Guid(c4716c3f50ef728489a9701efe0074bc) Importer(815301076,1909f56bfc062723c751e8b465ee728b)  -> (artifact id: '8b9d8bb78929daab33d6f85b7a668e16') in 0.027315 seconds 
  Import took 0.032486 seconds .

========================================================================
Received Import Request.
  Time since last request: 0.000395 seconds.
  path: Assets/_Materials/BlockColors/Mat_Red.mat
  artifactKey: Guid(794cbaa1c04f540489c7fa2a58a019c8) Importer(815301076,1909f56bfc062723c751e8b465ee728b)
Start importing Assets/_Materials/BlockColors/Mat_Red.mat using Guid(794cbaa1c04f540489c7fa2a58a019c8) Importer(815301076,1909f56bfc062723c751e8b465ee728b)  -> (artifact id: '602f00c4d7bb0fb9f12b2d6b61f9c975') in 0.022216 seconds 
  Import took 0.027298 seconds .

========================================================================
Received Import Request.
  Time since last request: 0.000472 seconds.
  path: Assets/_Materials/BlockColors/Mat_Cyan.mat
  artifactKey: Guid(5949640d059c5314092f62d1339cbaad) Importer(815301076,1909f56bfc062723c751e8b465ee728b)
Start importing Assets/_Materials/BlockColors/Mat_Cyan.mat using Guid(5949640d059c5314092f62d1339cbaad) Importer(815301076,1909f56bfc062723c751e8b465ee728b)  -> (artifact id: '3dd85d2d5caf81ecf3be50c11c36f3f0') in 0.033432 seconds 
  Import took 0.038302 seconds .

========================================================================
Received Import Request.
  Time since last request: 0.000280 seconds.
  path: Assets/_Materials/BlockColors/Mat_Yellow.mat
  artifactKey: Guid(91675b785687f0749b2eeaf800436fac) Importer(815301076,1909f56bfc062723c751e8b465ee728b)
Start importing Assets/_Materials/BlockColors/Mat_Yellow.mat using Guid(91675b785687f0749b2eeaf800436fac) Importer(815301076,1909f56bfc062723c751e8b465ee728b)  -> (artifact id: 'eb3051eaae90f6f75696f1160b19f3be') in 0.014428 seconds 
  Import took 0.017533 seconds .

========================================================================
Received Import Request.
  Time since last request: 0.000261 seconds.
  path: Assets/_Materials/BlockColors/Mat_Green.mat
  artifactKey: Guid(38ee447e883dbcf4bbb7d6f7d1fa6706) Importer(815301076,1909f56bfc062723c751e8b465ee728b)
Start importing Assets/_Materials/BlockColors/Mat_Green.mat using Guid(38ee447e883dbcf4bbb7d6f7d1fa6706) Importer(815301076,1909f56bfc062723c751e8b465ee728b)  -> (artifact id: '51d7a6a878fde30f98c5edb099dc524e') in 0.018955 seconds 
  Import took 0.022721 seconds .

========================================================================
Received Import Request.
  Time since last request: 0.000297 seconds.
  path: Assets/_Materials/BlockColors/Mat_Magenta.mat
  artifactKey: Guid(aa3f160a8dbdf3949b7295f312272039) Importer(815301076,1909f56bfc062723c751e8b465ee728b)
Start importing Assets/_Materials/BlockColors/Mat_Magenta.mat using Guid(aa3f160a8dbdf3949b7295f312272039) Importer(815301076,1909f56bfc062723c751e8b465ee728b)  -> (artifact id: '4ddea73cbdfacac104afc20ebc9ea9e5') in 0.029460 seconds 
  Import took 0.034627 seconds .

========================================================================
Received Prepare
Registering precompiled user dll's ...
Registered in 0.003973 seconds.
Begin MonoManager ReloadAssembly
Native extension for WindowsStandalone target not found
Refreshing native plugins compatible for Editor in 0.37 ms, found 2 plugins.
Preloading 0 native plugins for Editor in 0.00 ms.
Mono: successfully reloaded assembly
- Completed reload, in  0.987 seconds
Domain Reload Profiling:
	ReloadAssembly (987ms)
		BeginReloadAssembly (104ms)
			ExecutionOrderSort (0ms)
			DisableScriptedObjects (4ms)
			BackupInstance (0ms)
			ReleaseScriptingObjects (0ms)
			CreateAndSetChildDomain (35ms)
		EndReloadAssembly (820ms)
			LoadAssemblies (82ms)
			RebuildTransferFunctionScriptingTraits (0ms)
			SetupTypeCache (288ms)
			ReleaseScriptCaches (1ms)
			RebuildScriptCaches (37ms)
			SetupLoadedEditorAssemblies (312ms)
				LogAssemblyErrors (0ms)
				InitializePlatformSupportModulesInManaged (5ms)
				SetLoadedEditorAssemblies (0ms)
				RefreshPlugins (0ms)
				BeforeProcessingInitializeOnLoad (79ms)
				ProcessInitializeOnLoadAttributes (219ms)
				ProcessInitializeOnLoadMethodAttributes (4ms)
				AfterProcessingInitializeOnLoad (5ms)
				EditorAssembliesLoaded (0ms)
			ExecutionOrderSort2 (0ms)
			AwakeInstancesAfterBackupRestoration (6ms)
Platform modules already initialized, skipping
Refreshing native plugins compatible for Editor in 0.43 ms, found 2 plugins.
Preloading 0 native plugins for Editor in 0.00 ms.
Unloading 1393 Unused Serialized files (Serialized files now loaded: 0)
System memory in use before: 68.5 MB.
System memory in use after: 68.6 MB.

Unloading 11 unused Assets to reduce memory usage. Loaded Objects now: 1894.
Total: 3.538500 ms (FindLiveObjects: 0.321600 ms CreateObjectMapping: 0.125300 ms MarkObjects: 3.068500 ms  DeleteObjects: 0.021200 ms)

AssetImportParameters requested are different than current active one (requested -> active):
  custom:framework-win-MediaFoundation: 216162199b28c13a410421893ffa2e32 -> 
  custom:video-decoder-ogg-theora: a1e56fd34408186e4bbccfd4996cb3dc -> 
  custom:container-muxer-webm: aa71ff27fc2769a1b78a27578f13a17b -> 
  custom:container-demuxer-webm: 4f35f7cbe854078d1ac9338744f61a02 -> 
  custom:container-demuxer-ogg: 62fdf1f143b41e24485cea50d1cbac27 -> 
  custom:video-encoder-webm-vp8: eb34c28f22e8b96e1ab97ce403110664 -> 
  custom:video-decoder-webm-vp8: 9c59270c3fd7afecdb556c50c9e8de78 -> 
  custom:audio-decoder-ogg-vorbis: bf7c407c2cedff20999df2af8eb42d56 -> 
  custom:audio-encoder-webm-vorbis: bf7c407c2cedff20999df2af8eb42d56 -> 
========================================================================
Received Prepare
Registering precompiled user dll's ...
Registered in 0.001694 seconds.
Begin MonoManager ReloadAssembly
Native extension for WindowsStandalone target not found
Refreshing native plugins compatible for Editor in 0.37 ms, found 2 plugins.
Preloading 0 native plugins for Editor in 0.00 ms.
Mono: successfully reloaded assembly
- Completed reload, in  0.960 seconds
Domain Reload Profiling:
	ReloadAssembly (960ms)
		BeginReloadAssembly (111ms)
			ExecutionOrderSort (0ms)
			DisableScriptedObjects (4ms)
			BackupInstance (0ms)
			ReleaseScriptingObjects (0ms)
			CreateAndSetChildDomain (39ms)
		EndReloadAssembly (788ms)
			LoadAssemblies (78ms)
			RebuildTransferFunctionScriptingTraits (0ms)
			SetupTypeCache (258ms)
			ReleaseScriptCaches (1ms)
			RebuildScriptCaches (50ms)
			SetupLoadedEditorAssemblies (296ms)
				LogAssemblyErrors (0ms)
				InitializePlatformSupportModulesInManaged (5ms)
				SetLoadedEditorAssemblies (0ms)
				RefreshPlugins (0ms)
				BeforeProcessingInitializeOnLoad (80ms)
				ProcessInitializeOnLoadAttributes (200ms)
				ProcessInitializeOnLoadMethodAttributes (5ms)
				AfterProcessingInitializeOnLoad (6ms)
				EditorAssembliesLoaded (0ms)
			ExecutionOrderSort2 (0ms)
			AwakeInstancesAfterBackupRestoration (7ms)
Platform modules already initialized, skipping
Refreshing native plugins compatible for Editor in 0.75 ms, found 2 plugins.
Preloading 0 native plugins for Editor in 0.00 ms.
Unloading 1393 Unused Serialized files (Serialized files now loaded: 0)
System memory in use before: 68.5 MB.
System memory in use after: 68.6 MB.

Unloading 11 unused Assets to reduce memory usage. Loaded Objects now: 1896.
Total: 7.626000 ms (FindLiveObjects: 0.402700 ms CreateObjectMapping: 0.145200 ms MarkObjects: 7.031000 ms  DeleteObjects: 0.044400 ms)

AssetImportParameters requested are different than current active one (requested -> active):
  custom:framework-win-MediaFoundation: 216162199b28c13a410421893ffa2e32 -> 
  custom:video-decoder-ogg-theora: a1e56fd34408186e4bbccfd4996cb3dc -> 
  custom:container-muxer-webm: aa71ff27fc2769a1b78a27578f13a17b -> 
  custom:container-demuxer-webm: 4f35f7cbe854078d1ac9338744f61a02 -> 
  custom:container-demuxer-ogg: 62fdf1f143b41e24485cea50d1cbac27 -> 
  custom:video-encoder-webm-vp8: eb34c28f22e8b96e1ab97ce403110664 -> 
  custom:video-decoder-webm-vp8: 9c59270c3fd7afecdb556c50c9e8de78 -> 
  custom:audio-decoder-ogg-vorbis: bf7c407c2cedff20999df2af8eb42d56 -> 
  custom:audio-encoder-webm-vorbis: bf7c407c2cedff20999df2af8eb42d56 -> 
========================================================================
Received Import Request.
  Time since last request: 1414.729662 seconds.
  path: Assets/_Prefabs/Polycubes/Polycube1 1.prefab
  artifactKey: Guid(143c098f31b7a7148b520784bf9bb46e) Importer(815301076,1909f56bfc062723c751e8b465ee728b)
Start importing Assets/_Prefabs/Polycubes/Polycube1 1.prefab using Guid(143c098f31b7a7148b520784bf9bb46e) Importer(815301076,1909f56bfc062723c751e8b465ee728b)  -> (artifact id: '82b64237245c26fb9df1d5bc86b2278a') in 0.073176 seconds 
  Import took 0.078293 seconds .

========================================================================
Received Import Request.
  Time since last request: 6.406791 seconds.
  path: Assets/_Prefabs/Polycubes/Polycube1 1.prefab
  artifactKey: Guid(143c098f31b7a7148b520784bf9bb46e) Importer(815301076,1909f56bfc062723c751e8b465ee728b)
Start importing Assets/_Prefabs/Polycubes/Polycube1 1.prefab using Guid(143c098f31b7a7148b520784bf9bb46e) Importer(815301076,1909f56bfc062723c751e8b465ee728b)  -> (artifact id: '639dd34f9314fafcba9113d651d7ba49') in 0.026464 seconds 
  Import took 0.032977 seconds .

========================================================================
Received Import Request.
  Time since last request: 4.616066 seconds.
  path: Assets/_Prefabs/Polycubes/Polycube1 1.prefab
  artifactKey: Guid(143c098f31b7a7148b520784bf9bb46e) Importer(815301076,1909f56bfc062723c751e8b465ee728b)
Start importing Assets/_Prefabs/Polycubes/Polycube1 1.prefab using Guid(143c098f31b7a7148b520784bf9bb46e) Importer(815301076,1909f56bfc062723c751e8b465ee728b)  -> (artifact id: '037881b48ab035b45e8ad027a6db7cce') in 0.024377 seconds 
  Import took 0.030196 seconds .

========================================================================
Received Import Request.
  Time since last request: 6.273463 seconds.
  path: Assets/_Prefabs/Polycubes/Polycube5.prefab
  artifactKey: Guid(143c098f31b7a7148b520784bf9bb46e) Importer(815301076,1909f56bfc062723c751e8b465ee728b)
Start importing Assets/_Prefabs/Polycubes/Polycube5.prefab using Guid(143c098f31b7a7148b520784bf9bb46e) Importer(815301076,1909f56bfc062723c751e8b465ee728b)  -> (artifact id: 'd7776aff68026515c6e18fa1844e68e0') in 0.033067 seconds 
  Import took 0.037900 seconds .

========================================================================
Received Prepare
Registering precompiled user dll's ...
Registered in 0.001811 seconds.
Begin MonoManager ReloadAssembly
Native extension for WindowsStandalone target not found
Refreshing native plugins compatible for Editor in 0.51 ms, found 2 plugins.
Preloading 0 native plugins for Editor in 0.00 ms.
Mono: successfully reloaded assembly
- Completed reload, in  1.111 seconds
Domain Reload Profiling:
	ReloadAssembly (1112ms)
		BeginReloadAssembly (135ms)
			ExecutionOrderSort (0ms)
			DisableScriptedObjects (4ms)
			BackupInstance (0ms)
			ReleaseScriptingObjects (0ms)
			CreateAndSetChildDomain (55ms)
		EndReloadAssembly (916ms)
			LoadAssemblies (95ms)
			RebuildTransferFunctionScriptingTraits (0ms)
			SetupTypeCache (300ms)
			ReleaseScriptCaches (1ms)
			RebuildScriptCaches (58ms)
			SetupLoadedEditorAssemblies (357ms)
				LogAssemblyErrors (0ms)
				InitializePlatformSupportModulesInManaged (8ms)
				SetLoadedEditorAssemblies (1ms)
				RefreshPlugins (1ms)
				BeforeProcessingInitializeOnLoad (96ms)
				ProcessInitializeOnLoadAttributes (244ms)
				ProcessInitializeOnLoadMethodAttributes (4ms)
				AfterProcessingInitializeOnLoad (4ms)
				EditorAssembliesLoaded (0ms)
			ExecutionOrderSort2 (0ms)
			AwakeInstancesAfterBackupRestoration (6ms)
Platform modules already initialized, skipping
Refreshing native plugins compatible for Editor in 0.74 ms, found 2 plugins.
Preloading 0 native plugins for Editor in 0.00 ms.
Unloading 1393 Unused Serialized files (Serialized files now loaded: 0)
System memory in use before: 68.6 MB.
System memory in use after: 68.7 MB.

Unloading 11 unused Assets to reduce memory usage. Loaded Objects now: 1899.
Total: 7.369700 ms (FindLiveObjects: 0.457600 ms CreateObjectMapping: 0.139700 ms MarkObjects: 6.727000 ms  DeleteObjects: 0.042200 ms)

AssetImportParameters requested are different than current active one (requested -> active):
  custom:framework-win-MediaFoundation: 216162199b28c13a410421893ffa2e32 -> 
  custom:video-decoder-ogg-theora: a1e56fd34408186e4bbccfd4996cb3dc -> 
  custom:container-muxer-webm: aa71ff27fc2769a1b78a27578f13a17b -> 
  custom:container-demuxer-webm: 4f35f7cbe854078d1ac9338744f61a02 -> 
  custom:container-demuxer-ogg: 62fdf1f143b41e24485cea50d1cbac27 -> 
  custom:video-encoder-webm-vp8: eb34c28f22e8b96e1ab97ce403110664 -> 
  custom:video-decoder-webm-vp8: 9c59270c3fd7afecdb556c50c9e8de78 -> 
  custom:audio-decoder-ogg-vorbis: bf7c407c2cedff20999df2af8eb42d56 -> 
  custom:audio-encoder-webm-vorbis: bf7c407c2cedff20999df2af8eb42d56 -> 
========================================================================
Received Prepare
Registering precompiled user dll's ...
Registered in 0.001720 seconds.
Begin MonoManager ReloadAssembly
Native extension for WindowsStandalone target not found
Refreshing native plugins compatible for Editor in 0.37 ms, found 2 plugins.
Preloading 0 native plugins for Editor in 0.00 ms.
Mono: successfully reloaded assembly
- Completed reload, in  0.931 seconds
Domain Reload Profiling:
	ReloadAssembly (931ms)
		BeginReloadAssembly (98ms)
			ExecutionOrderSort (0ms)
			DisableScriptedObjects (4ms)
			BackupInstance (0ms)
			ReleaseScriptingObjects (0ms)
			CreateAndSetChildDomain (32ms)
		EndReloadAssembly (760ms)
			LoadAssemblies (78ms)
			RebuildTransferFunctionScriptingTraits (0ms)
			SetupTypeCache (273ms)
			ReleaseScriptCaches (1ms)
			RebuildScriptCaches (43ms)
			SetupLoadedEditorAssemblies (274ms)
				LogAssemblyErrors (0ms)
				InitializePlatformSupportModulesInManaged (5ms)
				SetLoadedEditorAssemblies (0ms)
				RefreshPlugins (0ms)
				BeforeProcessingInitializeOnLoad (65ms)
				ProcessInitializeOnLoadAttributes (195ms)
				ProcessInitializeOnLoadMethodAttributes (5ms)
				AfterProcessingInitializeOnLoad (4ms)
				EditorAssembliesLoaded (0ms)
			ExecutionOrderSort2 (0ms)
			AwakeInstancesAfterBackupRestoration (6ms)
Platform modules already initialized, skipping
Refreshing native plugins compatible for Editor in 0.75 ms, found 2 plugins.
Preloading 0 native plugins for Editor in 0.00 ms.
Unloading 1393 Unused Serialized files (Serialized files now loaded: 0)
System memory in use before: 68.6 MB.
System memory in use after: 68.7 MB.

Unloading 11 unused Assets to reduce memory usage. Loaded Objects now: 1901.
Total: 7.117900 ms (FindLiveObjects: 0.352700 ms CreateObjectMapping: 0.097200 ms MarkObjects: 6.630000 ms  DeleteObjects: 0.035800 ms)

AssetImportParameters requested are different than current active one (requested -> active):
  custom:framework-win-MediaFoundation: 216162199b28c13a410421893ffa2e32 -> 
  custom:video-decoder-ogg-theora: a1e56fd34408186e4bbccfd4996cb3dc -> 
  custom:container-muxer-webm: aa71ff27fc2769a1b78a27578f13a17b -> 
  custom:container-demuxer-webm: 4f35f7cbe854078d1ac9338744f61a02 -> 
  custom:container-demuxer-ogg: 62fdf1f143b41e24485cea50d1cbac27 -> 
  custom:video-encoder-webm-vp8: eb34c28f22e8b96e1ab97ce403110664 -> 
  custom:video-decoder-webm-vp8: 9c59270c3fd7afecdb556c50c9e8de78 -> 
  custom:audio-decoder-ogg-vorbis: bf7c407c2cedff20999df2af8eb42d56 -> 
  custom:audio-encoder-webm-vorbis: bf7c407c2cedff20999df2af8eb42d56 -> 
========================================================================
Received Prepare
Registering precompiled user dll's ...
Registered in 0.001825 seconds.
Begin MonoManager ReloadAssembly
Native extension for WindowsStandalone target not found
Refreshing native plugins compatible for Editor in 0.38 ms, found 2 plugins.
Preloading 0 native plugins for Editor in 0.00 ms.
Mono: successfully reloaded assembly
- Completed reload, in  0.983 seconds
Domain Reload Profiling:
	ReloadAssembly (984ms)
		BeginReloadAssembly (151ms)
			ExecutionOrderSort (0ms)
			DisableScriptedObjects (5ms)
			BackupInstance (0ms)
			ReleaseScriptingObjects (0ms)
			CreateAndSetChildDomain (57ms)
		EndReloadAssembly (760ms)
			LoadAssemblies (91ms)
			RebuildTransferFunctionScriptingTraits (0ms)
			SetupTypeCache (278ms)
			ReleaseScriptCaches (1ms)
			RebuildScriptCaches (36ms)
			SetupLoadedEditorAssemblies (273ms)
				LogAssemblyErrors (0ms)
				InitializePlatformSupportModulesInManaged (5ms)
				SetLoadedEditorAssemblies (0ms)
				RefreshPlugins (0ms)
				BeforeProcessingInitializeOnLoad (65ms)
				ProcessInitializeOnLoadAttributes (194ms)
				ProcessInitializeOnLoadMethodAttributes (4ms)
				AfterProcessingInitializeOnLoad (4ms)
				EditorAssembliesLoaded (0ms)
			ExecutionOrderSort2 (0ms)
			AwakeInstancesAfterBackupRestoration (6ms)
Platform modules already initialized, skipping
Refreshing native plugins compatible for Editor in 0.38 ms, found 2 plugins.
Preloading 0 native plugins for Editor in 0.00 ms.
Unloading 1393 Unused Serialized files (Serialized files now loaded: 0)
System memory in use before: 68.6 MB.
System memory in use after: 68.7 MB.

Unloading 11 unused Assets to reduce memory usage. Loaded Objects now: 1903.
Total: 5.118200 ms (FindLiveObjects: 0.226000 ms CreateObjectMapping: 0.046900 ms MarkObjects: 4.814900 ms  DeleteObjects: 0.028700 ms)

AssetImportParameters requested are different than current active one (requested -> active):
  custom:framework-win-MediaFoundation: 216162199b28c13a410421893ffa2e32 -> 
  custom:video-decoder-ogg-theora: a1e56fd34408186e4bbccfd4996cb3dc -> 
  custom:container-muxer-webm: aa71ff27fc2769a1b78a27578f13a17b -> 
  custom:container-demuxer-webm: 4f35f7cbe854078d1ac9338744f61a02 -> 
  custom:container-demuxer-ogg: 62fdf1f143b41e24485cea50d1cbac27 -> 
  custom:video-encoder-webm-vp8: eb34c28f22e8b96e1ab97ce403110664 -> 
  custom:video-decoder-webm-vp8: 9c59270c3fd7afecdb556c50c9e8de78 -> 
  custom:audio-decoder-ogg-vorbis: bf7c407c2cedff20999df2af8eb42d56 -> 
  custom:audio-encoder-webm-vorbis: bf7c407c2cedff20999df2af8eb42d56 -> 
AssetImportWorkerClient::OnTransportError - code=2 error=End of file
